<?xml version="1.0" encoding="UTF-8"?>
<!-- Generated by org.testng.reporters.JUnitReportReporter -->
<testsuite hostname="CDC2-D-504Q00J" name="day1demo.NewTest" tests="1" failures="0" timestamp="7 Jun 2019 06:41:53 GMT" time="13.797" errors="0">
  <testcase name="f" time="13.797" classname="day1demo.NewTest"/>
</testsuite> <!-- day1demo.NewTest -->
