<?xml version="1.0" encoding="UTF-8"?>
<!-- Generated by org.testng.reporters.JUnitReportReporter -->
<testsuite hostname="CDC2-D-504Q00J" name="day1demo.demo4" tests="1" failures="0" timestamp="7 Jun 2019 11:19:39 GMT" time="33.070" errors="0">
  <testcase name="f" time="33.070" classname="day1demo.demo4"/>
</testsuite> <!-- day1demo.demo4 -->
