<?xml version="1.0" encoding="UTF-8"?>
<!-- Generated by org.testng.reporters.JUnitReportReporter -->
<testsuite hostname="CDC2-D-504Q00J" name="day1demo.xcel" tests="1" failures="0" timestamp="10 Jun 2019 10:15:54 GMT" time="17.847" errors="0">
  <testcase name="f" time="17.847" classname="day1demo.xcel"/>
</testsuite> <!-- day1demo.xcel -->
