<?xml version="1.0" encoding="UTF-8"?>
<!-- Generated by org.testng.reporters.JUnitReportReporter -->
<testsuite hostname="CDC2-D-504Q00J" name="day1demo.NewTest1" tests="1" failures="0" timestamp="7 Jun 2019 08:08:19 GMT" time="24.533" errors="0">
  <testcase name="f" time="24.533" classname="day1demo.NewTest1"/>
</testsuite> <!-- day1demo.NewTest1 -->
