<?xml version="1.0" encoding="UTF-8"?>
<!-- Generated by org.testng.reporters.JUnitReportReporter -->
<testsuite hostname="CDC2-D-504Q00J" name="day1demo.demo3" tests="1" failures="0" timestamp="7 Jun 2019 10:27:40 GMT" time="22.692" errors="0">
  <testcase name="f" time="22.692" classname="day1demo.demo3"/>
</testsuite> <!-- day1demo.demo3 -->
