<?xml version="1.0" encoding="UTF-8"?>
<!-- Generated by org.testng.reporters.JUnitReportReporter -->
<testsuite hostname="CDC2-D-504Q00J" name="day1demo.demo2" tests="1" failures="0" timestamp="10 Jun 2019 05:12:52 GMT" time="16.840" errors="0">
  <testcase name="f" time="16.840" classname="day1demo.demo2"/>
</testsuite> <!-- day1demo.demo2 -->
