<?xml version="1.0" encoding="UTF-8"?>
<!-- Generated by org.testng.reporters.JUnitReportReporter -->
<testsuite hostname="CDC2-D-504Q00J" name="day1demo.NewTestdrag" tests="1" failures="0" timestamp="10 Jun 2019 06:16:34 GMT" time="7.342" errors="0">
  <testcase name="f" time="7.342" classname="day1demo.NewTestdrag"/>
</testsuite> <!-- day1demo.NewTestdrag -->
