<?xml version="1.0" encoding="UTF-8"?>
<!-- Generated by org.testng.reporters.JUnitReportReporter -->
<testsuite hostname="CDC2-D-504Q00J" name="day1demo.NewTestframe" tests="1" failures="0" timestamp="10 Jun 2019 06:51:28 GMT" time="17.167" errors="0">
  <testcase name="f" time="17.167" classname="day1demo.NewTestframe"/>
</testsuite> <!-- day1demo.NewTestframe -->
